<?xml version="1.0" encoding="UTF-8"?>
<!-- Generated by org.testng.reporters.JUnitReportReporter -->
<testsuite skipped="1" hostname="LAPTOP-D2GVCL39" name="enable.EnableClass" tests="2" failures="0" timestamp="2022-10-12T20:21:05 IST" time="0.001" errors="0">
  <testcase name="verifyUserCanLoginToApplicationWithValidCredentials" time="0.001" classname="enable.EnableClass"/>
  <system-out/>
  <testcase name="verifyUserCanNOtLoginToApplicationWithInvalidCredentials" classname="enable.EnableClass">
    <skipped/>
  </testcase> <!-- verifyUserCanNOtLoginToApplicationWithInvalidCredentials -->
  <system-out/>
</testsuite> <!-- enable.EnableClass -->
