<?xml version="1.0" encoding="UTF-8"?>
<!-- Generated by org.testng.reporters.JUnitReportReporter -->
<testsuite skipped="0" hostname="LAPTOP-D2GVCL39" name="excelreader.AnnoTations" tests="2" failures="0" timestamp="2022-10-12T20:21:05 IST" time="0.007" errors="0">
  <testcase name="sampleBTestCase" time="0.002" classname="excelreader.AnnoTations"/>
  <system-out/>
  <testcase name="sampleATestCase" time="0.005" classname="excelreader.AnnoTations"/>
  <system-out/>
</testsuite> <!-- excelreader.AnnoTations -->
