<?xml version="1.0" encoding="UTF-8"?>
<!-- Generated by org.testng.reporters.JUnitReportReporter -->
<testsuite skipped="0" hostname="LAPTOP-D2GVCL39" name="excelreader.AnnoTations" tests="2" failures="0" timestamp="2022-10-11T20:52:35 IST" time="0.013" errors="0">
  <testcase name="sampleATestCase" time="0.002" classname="excelreader.AnnoTations"/>
  <system-out/>
  <testcase name="sampleBTestCase" time="0.011" classname="excelreader.AnnoTations"/>
  <system-out/>
</testsuite> <!-- excelreader.AnnoTations -->
