<?xml version="1.0" encoding="UTF-8"?>
<!-- Generated by org.testng.reporters.JUnitReportReporter -->
<testsuite skipped="0" hostname="LAPTOP-D2GVCL39" name="dataprovider.DataProviderAnnotation" tests="2" failures="0" timestamp="2022-10-16T08:43:23 IST" time="31.476" errors="0">
  <testcase name="enterNewStudentsInCollage" time="13.176" classname="dataprovider.DataProviderAnnotation"/>
  <system-out/>
  <testcase name="enterNewStudentsInCollage" time="18.300" classname="dataprovider.DataProviderAnnotation"/>
  <system-out/>
</testsuite> <!-- dataprovider.DataProviderAnnotation -->
