<?xml version="1.0" encoding="UTF-8"?>
<!-- Generated by org.testng.reporters.JUnitReportReporter -->
<testsuite skipped="0" hostname="LAPTOP-D2GVCL39" name="brockenlinks.BrockenLinksClass2" tests="1" failures="0" timestamp="2022-10-17T20:27:55 IST" time="16.420" errors="0">
  <testcase name="sampleLiunksMethod" time="16.420" classname="brockenlinks.BrockenLinksClass2"/>
  <system-out/>
</testsuite> <!-- brockenlinks.BrockenLinksClass2 -->
