<?xml version="1.0" encoding="UTF-8"?>
<!-- Generated by org.testng.reporters.JUnitReportReporter -->
<testsuite skipped="0" hostname="LAPTOP-D2GVCL39" name="dataprovider.DataProviderDemoQA" tests="2" failures="0" timestamp="2022-10-16T08:58:40 IST" time="37.936" errors="0">
  <testcase name="addUsersToTheSystem" time="15.903" classname="dataprovider.DataProviderDemoQA"/>
  <system-out/>
  <testcase name="addUsersToTheSystem" time="22.033" classname="dataprovider.DataProviderDemoQA"/>
  <system-out/>
</testsuite> <!-- dataprovider.DataProviderDemoQA -->
