<?xml version="1.0" encoding="UTF-8"?>
<!-- Generated by org.testng.reporters.JUnitReportReporter -->
<testsuite skipped="0" hostname="LAPTOP-D2GVCL39" name="brockenlinks.BrockenLinkClass" tests="1" failures="0" timestamp="2022-10-17T20:23:52 IST" time="1.626" errors="0">
  <testcase name="sampleLink" time="1.626" classname="brockenlinks.BrockenLinkClass"/>
  <system-out/>
</testsuite> <!-- brockenlinks.BrockenLinkClass -->
