<?xml version="1.0" encoding="UTF-8"?>
<!-- Generated by org.testng.reporters.JUnitReportReporter -->
<testsuite skipped="0" hostname="LAPTOP-D2GVCL39" name="annotations.testng.AnnotationInTestNG" tests="2" failures="0" timestamp="2022-10-12T20:21:05 IST" time="0.008" errors="0">
  <testcase name="verifyUserCanNOtLoginToApplicationWithInvalidCredentials" time="0.007" classname="annotations.testng.AnnotationInTestNG"/>
  <system-out/>
  <testcase name="verifyUserCanLoginToApplicationWithValidCredentials" time="0.001" classname="annotations.testng.AnnotationInTestNG"/>
  <system-out/>
</testsuite> <!-- annotations.testng.AnnotationInTestNG -->
