<?xml version="1.0" encoding="UTF-8"?>
<!-- Generated by org.testng.reporters.JUnitReportReporter -->
<testsuite skipped="0" hostname="LAPTOP-D2GVCL39" name="brockenlinks.BrockenLinksClass4" tests="1" failures="0" timestamp="2022-10-17T20:49:38 IST" time="24.131" errors="0">
  <testcase name="sampleLiunksMethod" time="24.131" classname="brockenlinks.BrockenLinksClass4"/>
  <system-out/>
</testsuite> <!-- brockenlinks.BrockenLinksClass4 -->
