<?xml version="1.0" encoding="UTF-8"?>
<!-- Generated by org.testng.reporters.JUnitReportReporter -->
<testsuite skipped="0" hostname="LAPTOP-D2GVCL39" name="annotations.testng.AnnotationInTestNG2" tests="2" failures="0" timestamp="2022-10-12T20:21:05 IST" time="0.006" errors="0">
  <testcase name="verifyUserCanSendEmail" time="0.004" classname="annotations.testng.AnnotationInTestNG2"/>
  <system-out/>
  <testcase name="verifySendEmailWillBeDisplayedInSendItem" time="0.002" classname="annotations.testng.AnnotationInTestNG2"/>
  <system-out/>
</testsuite> <!-- annotations.testng.AnnotationInTestNG2 -->
