<?xml version="1.0" encoding="UTF-8"?>
<!-- Generated by org.testng.reporters.JUnitReportReporter -->
<testsuite skipped="0" hostname="LAPTOP-D2GVCL39" name="priority.PriorityInTestNG" tests="3" failures="0" timestamp="2022-10-12T20:21:05 IST" time="0.026" errors="0">
  <testcase name="h" time="0.022" classname="priority.PriorityInTestNG"/>
  <system-out/>
  <testcase name="A" time="0.002" classname="priority.PriorityInTestNG"/>
  <system-out/>
  <testcase name="Z" time="0.002" classname="priority.PriorityInTestNG"/>
  <system-out/>
</testsuite> <!-- priority.PriorityInTestNG -->
