<?xml version="1.0" encoding="UTF-8"?>
<!-- Generated by org.testng.reporters.JUnitReportReporter -->
<testsuite skipped="0" hostname="LAPTOP-D2GVCL39" name="annotations.testng.AnnotationInTestNG" tests="2" failures="0" timestamp="2022-10-11T20:52:35 IST" time="0.013" errors="0">
  <testcase name="verifyUserCanNOtLoginToApplicationWithInvalidCredentials" time="0.004" classname="annotations.testng.AnnotationInTestNG"/>
  <system-out/>
  <testcase name="verifyUserCanLoginToApplicationWithValidCredentials" time="0.009" classname="annotations.testng.AnnotationInTestNG"/>
  <system-out/>
</testsuite> <!-- annotations.testng.AnnotationInTestNG -->
