<?xml version="1.0" encoding="UTF-8"?>
<!-- Generated by org.testng.reporters.JUnitReportReporter -->
<testsuite skipped="0" hostname="LAPTOP-D2GVCL39" name="screencapture.ScreenCapClass" tests="1" failures="0" timestamp="2022-10-16T09:17:12 IST" time="60.981" errors="0">
  <testcase name="captureScreenOfApplication" time="60.981" classname="screencapture.ScreenCapClass"/>
  <system-out/>
</testsuite> <!-- screencapture.ScreenCapClass -->
