<?xml version="1.0" encoding="UTF-8"?>
<!-- Generated by org.testng.reporters.JUnitReportReporter -->
<testsuite skipped="0" hostname="LAPTOP-D2GVCL39" name="brockenlinks.BrockenLinksClass3" tests="1" failures="0" timestamp="2022-10-17T20:45:05 IST" time="92.854" errors="0">
  <testcase name="sampleLiunksMethod" time="92.854" classname="brockenlinks.BrockenLinksClass3"/>
  <system-out/>
</testsuite> <!-- brockenlinks.BrockenLinksClass3 -->
